#! /usr/bin/vvp
:ivl_version "11.0 (stable)" "(v11_0)";
:ivl_delay_selection "TYPICAL";
:vpi_time_precision + 0;
:vpi_module "/usr/lib/ivl/system.vpi";
:vpi_module "/usr/lib/ivl/vhdl_sys.vpi";
:vpi_module "/usr/lib/ivl/vhdl_textio.vpi";
:vpi_module "/usr/lib/ivl/v2005_math.vpi";
:vpi_module "/usr/lib/ivl/va_math.vpi";
S_0x5575904d90e0 .scope module, "tb_adder" "tb_adder" 2 1;
 .timescale 0 0;
v0x5575904ea940_0 .var "a", 3 0;
v0x5575904eaa30_0 .var "b", 3 0;
v0x5575904eab00_0 .net "s", 3 0, L_0x5575904eac00;  1 drivers
S_0x5575904d9270 .scope module, "ad1" "Adder" 2 7, 2 18 0, S_0x5575904d90e0;
 .timescale 0 0;
    .port_info 0 /INPUT 4 "a";
    .port_info 1 /INPUT 4 "b";
    .port_info 2 /OUTPUT 4 "s";
P_0x5575904d9450 .param/l "len" 0 2 18, +C4<00000000000000000000000000000100>;
v0x5575904a30a0_0 .net "a", 3 0, v0x5575904ea940_0;  1 drivers
v0x5575904a2e40_0 .net "b", 3 0, v0x5575904eaa30_0;  1 drivers
v0x5575904ea7d0_0 .net "s", 3 0, L_0x5575904eac00;  alias, 1 drivers
L_0x5575904eac00 .arith/sum 4, v0x5575904ea940_0, v0x5575904eaa30_0;
    .scope S_0x5575904d90e0;
T_0 ;
    %pushi/vec4 15, 0, 4;
    %store/vec4 v0x5575904ea940_0, 0, 4;
    %pushi/vec4 2, 0, 4;
    %store/vec4 v0x5575904eaa30_0, 0, 4;
    %delay 4, 0;
    %vpi_call 2 13 "$display", v0x5575904eab00_0 {0 0 0};
    %end;
    .thread T_0;
# The file index is used to find the file name in the following table.
:file_names 3;
    "N/A";
    "<interactive>";
    "Adder.v";
